Python Error Report (1.98s)\n==================================================\nCritical Errors: 5\nWarnings: 0\nTotal: 5\n\nCRITICAL ERRORS:\n  ❌ test_runtime_errors.py:2: error: Module "test_user_model" has no attribute "UserRole"  [attr-defined]\n  ❌ test_local_imports.py:3: error: Module "test_user_model" has no attribute "UserRole"  [attr-defined]\n  ❌ test_api_error.py:2: error: Module "models.user" has no attribute "UserRole"  [attr-defined]\n  ❌ test_missing_attribute.py:2: error: Module "os" has no attribute "nonexistent_function"  [attr-defined]\n  ❌ test_missing_attribute.py:3: error: Module "fastapi" has no attribute "NonExistentClass"  [attr-defined]